app/build/intermediates/manifest_merge_blame_file/debug/manifest-merger-blame-debug-report.txt
1<?xml version="1.0" encoding="utf-8"?>
2<manifest xmlns:android="http://schemas.android.com/apk/res/android"
3    package="com.qdocs.smartschool"
4    android:versionCode="1"
5    android:versionName="3.3" >
6
7    <uses-sdk
8        android:minSdkVersion="21"
8-->src\main\AndroidManifest.xml
9        android:targetSdkVersion="32" />
9-->src\main\AndroidManifest.xml
10
11    <uses-permission android:name="android.permission.WRITE_CALENDAR" />
11-->src\main\AndroidManifest.xml:5:5-73
11-->src\main\AndroidManifest.xml:5:22-70
12    <uses-permission android:name="android.permission.WRITE_EXTERNAL_STORAGE" />
12-->src\main\AndroidManifest.xml:6:5-81
12-->src\main\AndroidManifest.xml:6:22-78
13    <uses-permission
13-->src\main\AndroidManifest.xml:7:5-9:36
14        android:name="android.permission.CALL_PHONE"
14-->src\main\AndroidManifest.xml:8:9-53
15        android:required="false" />
15-->src\main\AndroidManifest.xml:9:9-33
16    <uses-permission android:name="android.permission.READ_EXTERNAL_STORAGE" />
16-->src\main\AndroidManifest.xml:10:5-80
16-->src\main\AndroidManifest.xml:10:22-77
17    <uses-permission android:name="android.permission.INTERNET" />
17-->src\main\AndroidManifest.xml:11:5-67
17-->src\main\AndroidManifest.xml:11:22-64
18    <uses-permission android:name="android.permission.ACCESS_NETWORK_STATE" />
18-->src\main\AndroidManifest.xml:12:5-79
18-->src\main\AndroidManifest.xml:12:22-76
19    <uses-permission android:name="android.permission.READ_CALENDAR" />
19-->src\main\AndroidManifest.xml:13:5-72
19-->src\main\AndroidManifest.xml:13:22-69
20    <uses-permission
20-->src\main\AndroidManifest.xml:14:5-16:36
21        android:name="android.permission.CAMERA"
21-->src\main\AndroidManifest.xml:15:9-49
22        android:required="false" />
22-->src\main\AndroidManifest.xml:16:9-33
23    <uses-permission android:name="android.permission.READ_PHONE_STATE" />
23-->src\main\AndroidManifest.xml:17:5-75
23-->src\main\AndroidManifest.xml:17:22-72
24    <uses-permission android:name="android.permission.ACCESS_COARSE_LOCATION" />
24-->src\main\AndroidManifest.xml:19:5-81
24-->src\main\AndroidManifest.xml:19:22-78
25    <uses-permission android:name="android.permission.ACCESS_FINE_LOCATION" />
25-->src\main\AndroidManifest.xml:20:5-79
25-->src\main\AndroidManifest.xml:20:22-76
26
27    <uses-feature
27-->src\main\AndroidManifest.xml:22:5-24:36
28        android:name="android.hardware.telephony"
28-->src\main\AndroidManifest.xml:23:9-50
29        android:required="false" />
29-->src\main\AndroidManifest.xml:24:9-33
30    <uses-feature
30-->src\main\AndroidManifest.xml:25:5-27:36
31        android:name="android.hardware.camera.autofocus"
31-->src\main\AndroidManifest.xml:26:9-57
32        android:required="false" />
32-->src\main\AndroidManifest.xml:27:9-33
33    <uses-feature
33-->[com.google.android.gms:play-services-maps:18.0.2] AndroidManifest.xml:26:5-28:35
34        android:glEsVersion="0x00020000"
34-->[com.google.android.gms:play-services-maps:18.0.2] AndroidManifest.xml:27:9-41
35        android:required="true" />
35-->[com.google.android.gms:play-services-maps:18.0.2] AndroidManifest.xml:28:9-32
36
37    <queries>
37-->[com.google.android.gms:play-services-maps:18.0.2] AndroidManifest.xml:30:5-34:15
38
39        <!-- Needs to be explicitly declared on Android R+ -->
40        <package android:name="com.google.android.apps.maps" />
40-->[com.google.android.gms:play-services-maps:18.0.2] AndroidManifest.xml:33:9-64
40-->[com.google.android.gms:play-services-maps:18.0.2] AndroidManifest.xml:33:18-61
41    </queries>
42
43    <uses-permission android:name="android.permission.WAKE_LOCK" /> <!-- Required by older versions of Google Play services to create IID tokens -->
43-->[com.google.firebase:firebase-iid:20.0.0] AndroidManifest.xml:24:5-68
43-->[com.google.firebase:firebase-iid:20.0.0] AndroidManifest.xml:24:22-65
44    <uses-permission android:name="com.google.android.c2dm.permission.RECEIVE" />
44-->[com.google.firebase:firebase-iid:20.0.0] AndroidManifest.xml:26:5-82
44-->[com.google.firebase:firebase-iid:20.0.0] AndroidManifest.xml:26:22-79
45
46    <application
46-->src\main\AndroidManifest.xml:29:5-150:19
47        android:name="com.qdocs.smartschool.utils.MyApp"
47-->src\main\AndroidManifest.xml:30:9-36
48        android:appComponentFactory="androidx.core.app.CoreComponentFactory"
48-->[androidx.core:core:1.2.0] AndroidManifest.xml:24:18-86
49        android:debuggable="true"
50        android:icon="@drawable/app_icon"
50-->src\main\AndroidManifest.xml:31:9-42
51        android:label="@string/app_name"
51-->src\main\AndroidManifest.xml:32:9-41
52        android:launchMode="singleInstance"
52-->src\main\AndroidManifest.xml:33:9-44
53        android:networkSecurityConfig="@xml/network_security_config"
53-->src\main\AndroidManifest.xml:34:9-69
54        android:requestLegacyExternalStorage="true"
54-->src\main\AndroidManifest.xml:35:9-52
55        android:roundIcon="@drawable/app_icon"
55-->src\main\AndroidManifest.xml:36:9-47
56        android:supportsRtl="true"
56-->src\main\AndroidManifest.xml:37:9-35
57        android:testOnly="true"
58        android:theme="@style/AppTheme"
58-->src\main\AndroidManifest.xml:38:9-40
59        android:usesCleartextTraffic="true" >
59-->src\main\AndroidManifest.xml:39:9-44
60
61        <!--
62             TODO: Before you run your application, you need a Google Maps API key.
63
64             To get one, follow the directions here:
65
66                https://developers.google.com/maps/documentation/android-sdk/get-api-key
67
68             Once you have your API key (it starts with "AIza"), define a new property in your
69             project's local.properties file (e.g. MAPS_API_KEY=Aiza...), and replace the
70             "YOUR_API_KEY" string in this file with "${MAPS_API_KEY}".
71        -->
72        <meta-data
72-->src\main\AndroidManifest.xml:52:9-54:44
73            android:name="com.google.android.geo.API_KEY"
73-->src\main\AndroidManifest.xml:53:13-58
74            android:value="YOUR_API_KEY" />
74-->src\main\AndroidManifest.xml:54:13-41
75
76        <activity android:name="com.qdocs.smartschool.students.StudentCoursePerformance" />
76-->src\main\AndroidManifest.xml:56:9-71
76-->src\main\AndroidManifest.xml:56:19-68
77        <activity android:name="com.qdocs.smartschool.students.StudentUploadDocument" />
77-->src\main\AndroidManifest.xml:57:9-68
77-->src\main\AndroidManifest.xml:57:19-65
78        <activity
78-->src\main\AndroidManifest.xml:58:9-60:93
79            android:name="com.qdocs.smartschool.students.StudentCourseDetail"
79-->src\main\AndroidManifest.xml:59:13-57
80            android:configChanges="orientation|keyboardHidden|screenSize|layoutDirection" />
80-->src\main\AndroidManifest.xml:60:13-90
81        <activity android:name="com.qdocs.smartschool.students.StudentOnlineCourse" />
81-->src\main\AndroidManifest.xml:61:9-66
81-->src\main\AndroidManifest.xml:61:19-63
82        <activity
82-->src\main\AndroidManifest.xml:62:9-64:62
83            android:name="com.qdocs.smartschool.students.StudentStartLessonActivity"
83-->src\main\AndroidManifest.xml:63:13-64
84            android:configChanges="orientation|screenSize" />
84-->src\main\AndroidManifest.xml:64:13-59
85        <activity android:name="com.qdocs.smartschool.students.StudentLiveClasses" />
85-->src\main\AndroidManifest.xml:65:9-65
85-->src\main\AndroidManifest.xml:65:19-62
86        <activity android:name="com.qdocs.smartschool.students.StudentGmeetLiveClasses" />
86-->src\main\AndroidManifest.xml:66:9-70
86-->src\main\AndroidManifest.xml:66:19-67
87        <activity android:name="com.qdocs.smartschool.students.NotificationList" />
87-->src\main\AndroidManifest.xml:67:9-63
87-->src\main\AndroidManifest.xml:67:19-60
88        <activity android:name="com.qdocs.smartschool.students.StudentOnlineExamQuestionsNew" />
88-->src\main\AndroidManifest.xml:68:9-76
88-->src\main\AndroidManifest.xml:68:19-73
89        <activity android:name="com.qdocs.smartschool.students.StudentOnlineExamResult" />
89-->src\main\AndroidManifest.xml:69:9-70
89-->src\main\AndroidManifest.xml:69:19-67
90        <activity android:name="com.qdocs.smartschool.students.StudentOnlineExam" />
90-->src\main\AndroidManifest.xml:70:9-64
90-->src\main\AndroidManifest.xml:70:19-61
91        <activity android:name="com.qdocs.smartschool.AboutSchool" />
91-->src\main\AndroidManifest.xml:71:9-49
91-->src\main\AndroidManifest.xml:71:19-46
92        <activity android:name="com.qdocs.smartschool.students.StudentTimeline" />
92-->src\main\AndroidManifest.xml:72:9-62
92-->src\main\AndroidManifest.xml:72:19-59
93        <activity android:name="com.qdocs.smartschool.students.StudentDocuments" />
93-->src\main\AndroidManifest.xml:73:9-63
93-->src\main\AndroidManifest.xml:73:19-60
94        <activity
94-->src\main\AndroidManifest.xml:74:9-82:20
95            android:name="com.qdocs.smartschool.SplashActivity"
95-->src\main\AndroidManifest.xml:75:13-43
96            android:exported="true" >
96-->src\main\AndroidManifest.xml:76:13-36
97            <intent-filter>
97-->src\main\AndroidManifest.xml:77:13-81:29
98                <action android:name="android.intent.action.MAIN" />
98-->src\main\AndroidManifest.xml:78:17-69
98-->src\main\AndroidManifest.xml:78:25-66
99
100                <category android:name="android.intent.category.LAUNCHER" />
100-->src\main\AndroidManifest.xml:80:17-77
100-->src\main\AndroidManifest.xml:80:27-74
101            </intent-filter>
102        </activity>
103        <activity android:name="com.qdocs.smartschool.Login" />
103-->src\main\AndroidManifest.xml:83:9-43
103-->src\main\AndroidManifest.xml:83:19-40
104        <activity android:name="com.qdocs.smartschool.students.StudentProfile" />
104-->src\main\AndroidManifest.xml:84:9-61
104-->src\main\AndroidManifest.xml:84:19-58
105        <activity android:name="com.qdocs.smartschool.students.StudentProfileNew" />
105-->src\main\AndroidManifest.xml:85:9-64
105-->src\main\AndroidManifest.xml:85:19-61
106        <activity android:name="com.qdocs.smartschool.students.StudentProfileDetailsNew" />
106-->src\main\AndroidManifest.xml:86:9-71
106-->src\main\AndroidManifest.xml:86:19-68
107        <activity android:name="com.qdocs.smartschool.students.StudentUploadHomework" />
107-->src\main\AndroidManifest.xml:87:9-68
107-->src\main\AndroidManifest.xml:87:19-65
108        <activity android:name="com.qdocs.smartschool.ForgotPassword" />
108-->src\main\AndroidManifest.xml:88:9-52
108-->src\main\AndroidManifest.xml:88:19-49
109        <activity android:name="com.qdocs.smartschool.BaseActivity" />
109-->src\main\AndroidManifest.xml:89:9-50
109-->src\main\AndroidManifest.xml:89:19-47
110        <activity
110-->src\main\AndroidManifest.xml:90:9-100:20
111            android:name="com.qdocs.smartschool.students.StudentFees"
111-->src\main\AndroidManifest.xml:91:13-49
112            android:exported="true" >
112-->src\main\AndroidManifest.xml:92:13-36
113            <intent-filter>
113-->src\main\AndroidManifest.xml:93:13-99:29
114                <action android:name="android.intent.action.VIEW" />
114-->src\main\AndroidManifest.xml:94:17-69
114-->src\main\AndroidManifest.xml:94:25-66
115
116                <category android:name="android.intent.category.DEFAULT" />
116-->src\main\AndroidManifest.xml:96:17-76
116-->src\main\AndroidManifest.xml:96:27-73
117
118                <data android:scheme="student_fees" />
118-->src\main\AndroidManifest.xml:98:17-55
118-->src\main\AndroidManifest.xml:98:23-52
119            </intent-filter>
120        </activity>
121        <activity android:name="com.qdocs.smartschool.students.StudentNoticeBoard" />
121-->src\main\AndroidManifest.xml:101:9-65
121-->src\main\AndroidManifest.xml:101:19-62
122        <activity android:name="com.qdocs.smartschool.students.StudentExaminationList" />
122-->src\main\AndroidManifest.xml:102:9-69
122-->src\main\AndroidManifest.xml:102:19-66
123        <activity android:name="com.qdocs.smartschool.students.StudentReportCard_ExamListResult" />
123-->src\main\AndroidManifest.xml:103:9-79
123-->src\main\AndroidManifest.xml:103:19-76
124        <activity android:name="com.qdocs.smartschool.students.StudentSubjectList" />
124-->src\main\AndroidManifest.xml:104:9-65
124-->src\main\AndroidManifest.xml:104:19-62
125        <activity android:name="com.qdocs.smartschool.students.StudentTeachersList" />
125-->src\main\AndroidManifest.xml:105:9-66
125-->src\main\AndroidManifest.xml:105:19-63
126        <activity android:name="com.qdocs.smartschool.students.StudentTransportRoutes" />
126-->src\main\AndroidManifest.xml:106:9-69
126-->src\main\AndroidManifest.xml:106:19-66
127        <activity android:name="com.qdocs.smartschool.students.StudentDownloads" />
127-->src\main\AndroidManifest.xml:107:9-63
127-->src\main\AndroidManifest.xml:107:19-60
128        <activity android:name="com.qdocs.smartschool.students.StudentAttendance" />
128-->src\main\AndroidManifest.xml:108:9-64
128-->src\main\AndroidManifest.xml:108:19-61
129        <activity android:name="com.qdocs.smartschool.students.StudentReportCard_ExamList" />
129-->src\main\AndroidManifest.xml:109:9-73
129-->src\main\AndroidManifest.xml:109:19-70
130        <activity android:name="com.qdocs.smartschool.students.StudentExamSchedule_ExamList" />
130-->src\main\AndroidManifest.xml:110:9-75
130-->src\main\AndroidManifest.xml:110:19-72
131        <activity android:name="com.qdocs.smartschool.students.StudentExamSchedule" />
131-->src\main\AndroidManifest.xml:111:9-66
131-->src\main\AndroidManifest.xml:111:19-63
132        <activity android:name="com.qdocs.smartschool.students.StudentHostel" />
132-->src\main\AndroidManifest.xml:112:9-60
132-->src\main\AndroidManifest.xml:112:19-57
133        <activity android:name="com.qdocs.smartschool.students.StudentLibraryBook" />
133-->src\main\AndroidManifest.xml:113:9-65
133-->src\main\AndroidManifest.xml:113:19-62
134        <activity android:name="com.qdocs.smartschool.students.StudentClassTimetable" />
134-->src\main\AndroidManifest.xml:114:9-68
134-->src\main\AndroidManifest.xml:114:19-65
135        <activity android:name="com.qdocs.smartschool.students.StudentSyllabusTimetable" />
135-->src\main\AndroidManifest.xml:115:9-71
135-->src\main\AndroidManifest.xml:115:19-68
136        <activity android:name="com.qdocs.smartschool.students.StudentSyllabusStatus" />
136-->src\main\AndroidManifest.xml:116:9-68
136-->src\main\AndroidManifest.xml:116:19-65
137        <activity android:name="com.qdocs.smartschool.students.StudentHomework" />
137-->src\main\AndroidManifest.xml:117:9-62
137-->src\main\AndroidManifest.xml:117:19-59
138        <activity android:name="com.qdocs.smartschool.students.StudentHomeworkDetails" />
138-->src\main\AndroidManifest.xml:118:9-69
138-->src\main\AndroidManifest.xml:118:19-66
139        <activity android:name="com.qdocs.smartschool.students.StudentLibraryBookIssued" />
139-->src\main\AndroidManifest.xml:119:9-71
139-->src\main\AndroidManifest.xml:119:19-68
140        <activity android:name="com.qdocs.smartschool.students.StudentAppyLeave" />
140-->src\main\AndroidManifest.xml:120:9-63
140-->src\main\AndroidManifest.xml:120:19-60
141        <activity android:name="com.qdocs.smartschool.students.StudentAddLeave" />
141-->src\main\AndroidManifest.xml:121:9-62
141-->src\main\AndroidManifest.xml:121:19-59
142        <activity android:name="com.qdocs.smartschool.students.StudentEditLeave" />
142-->src\main\AndroidManifest.xml:122:9-63
142-->src\main\AndroidManifest.xml:122:19-60
143        <activity android:name="com.qdocs.smartschool.students.StudentSyllabus" />
143-->src\main\AndroidManifest.xml:123:9-62
143-->src\main\AndroidManifest.xml:123:19-59
144        <activity android:name="com.qdocs.smartschool.students.StudentOnlineQuizResult" />
144-->src\main\AndroidManifest.xml:124:9-70
144-->src\main\AndroidManifest.xml:124:19-67
145        <activity android:name="com.qdocs.smartschool.students.StudentSyllabuslesson" />
145-->src\main\AndroidManifest.xml:125:9-68
145-->src\main\AndroidManifest.xml:125:19-65
146        <activity android:name="com.qdocs.smartschool.students.StudentOnlineCourseQuiz" />
146-->src\main\AndroidManifest.xml:126:9-70
146-->src\main\AndroidManifest.xml:126:19-67
147        <activity
147-->src\main\AndroidManifest.xml:127:9-129:62
148            android:name="com.qdocs.smartschool.TakeUrl"
148-->src\main\AndroidManifest.xml:128:13-36
149            android:configChanges="orientation|screenSize" />
149-->src\main\AndroidManifest.xml:129:13-59
150        <activity android:name="com.qdocs.smartschool.OpenPdf" />
150-->src\main\AndroidManifest.xml:130:9-45
150-->src\main\AndroidManifest.xml:130:19-42
151        <activity
151-->src\main\AndroidManifest.xml:131:9-133:77
152            android:name="com.qdocs.smartschool.students.StudentDashboard"
152-->src\main\AndroidManifest.xml:132:13-54
153            android:configChanges="orientation|keyboardHidden|screenSize" />
153-->src\main\AndroidManifest.xml:133:13-74
154        <activity android:name="com.qdocs.smartschool.students.StudentTasks" />
154-->src\main\AndroidManifest.xml:134:9-59
154-->src\main\AndroidManifest.xml:134:19-56
155        <activity android:name="com.qdocs.smartschool.students.Payment" />
155-->src\main\AndroidManifest.xml:135:9-54
155-->src\main\AndroidManifest.xml:135:19-51
156        <activity android:name="com.qdocs.smartschool.students.CoursePayment" />
156-->src\main\AndroidManifest.xml:136:9-60
156-->src\main\AndroidManifest.xml:136:19-57
157        <activity
157-->src\main\AndroidManifest.xml:137:9-140:53
158            android:name="com.qdocs.smartschool.students.CourseVideoPlay"
158-->src\main\AndroidManifest.xml:138:13-53
159            android:configChanges="orientation|screenSize"
159-->src\main\AndroidManifest.xml:139:13-59
160            android:screenOrientation="landscape" />
160-->src\main\AndroidManifest.xml:140:13-50
161        <activity android:name="com.qdocs.smartschool.students.LiveClasses" />
161-->src\main\AndroidManifest.xml:141:9-58
161-->src\main\AndroidManifest.xml:141:19-55
162
163        <service
163-->src\main\AndroidManifest.xml:143:9-149:19
164            android:name="com.qdocs.smartschool.utils.MyFirebaseMessagingService"
164-->src\main\AndroidManifest.xml:144:13-61
165            android:exported="true" >
165-->src\main\AndroidManifest.xml:145:13-36
166            <intent-filter>
166-->src\main\AndroidManifest.xml:146:13-148:29
167                <action android:name="com.google.firebase.MESSAGING_EVENT" />
167-->src\main\AndroidManifest.xml:147:17-78
167-->src\main\AndroidManifest.xml:147:25-75
168            </intent-filter>
169        </service>
170        <!-- Needs to be explicitly declared on P+ -->
171        <uses-library
171-->[com.google.android.gms:play-services-maps:18.0.2] AndroidManifest.xml:39:9-41:40
172            android:name="org.apache.http.legacy"
172-->[com.google.android.gms:play-services-maps:18.0.2] AndroidManifest.xml:40:13-50
173            android:required="false" />
173-->[com.google.android.gms:play-services-maps:18.0.2] AndroidManifest.xml:41:13-37
174        <!--
175             FirebaseMessagingService performs security checks at runtime,
176             but set to not exported to explicitly avoid allowing another app to call it.
177        -->
178        <service
178-->[com.google.firebase:firebase-messaging:20.0.0] AndroidManifest.xml:28:9-34:19
179            android:name="com.google.firebase.messaging.FirebaseMessagingService"
179-->[com.google.firebase:firebase-messaging:20.0.0] AndroidManifest.xml:29:13-82
180            android:exported="false" >
180-->[com.google.firebase:firebase-messaging:20.0.0] AndroidManifest.xml:30:13-37
181            <intent-filter android:priority="-500" >
181-->src\main\AndroidManifest.xml:146:13-148:29
182                <action android:name="com.google.firebase.MESSAGING_EVENT" />
182-->src\main\AndroidManifest.xml:147:17-78
182-->src\main\AndroidManifest.xml:147:25-75
183            </intent-filter>
184        </service>
185        <service
185-->[com.google.firebase:firebase-iid:20.0.0] AndroidManifest.xml:29:9-35:19
186            android:name="com.google.firebase.components.ComponentDiscoveryService"
186-->[com.google.firebase:firebase-iid:20.0.0] AndroidManifest.xml:30:13-84
187            android:exported="false" >
187-->[com.google.firebase:firebase-iid:20.0.0] AndroidManifest.xml:31:13-37
188            <meta-data
188-->[com.google.firebase:firebase-iid:20.0.0] AndroidManifest.xml:32:13-34:85
189                android:name="com.google.firebase.components:com.google.firebase.iid.Registrar"
189-->[com.google.firebase:firebase-iid:20.0.0] AndroidManifest.xml:33:17-96
190                android:value="com.google.firebase.components.ComponentRegistrar" />
190-->[com.google.firebase:firebase-iid:20.0.0] AndroidManifest.xml:34:17-82
191        </service>
192
193        <receiver
193-->[com.google.firebase:firebase-iid:20.0.0] AndroidManifest.xml:37:9-44:20
194            android:name="com.google.firebase.iid.FirebaseInstanceIdReceiver"
194-->[com.google.firebase:firebase-iid:20.0.0] AndroidManifest.xml:38:13-78
195            android:exported="true"
195-->[com.google.firebase:firebase-iid:20.0.0] AndroidManifest.xml:39:13-36
196            android:permission="com.google.android.c2dm.permission.SEND" >
196-->[com.google.firebase:firebase-iid:20.0.0] AndroidManifest.xml:40:13-73
197            <intent-filter>
197-->[com.google.firebase:firebase-iid:20.0.0] AndroidManifest.xml:41:13-43:29
198                <action android:name="com.google.android.c2dm.intent.RECEIVE" />
198-->[com.google.firebase:firebase-iid:20.0.0] AndroidManifest.xml:42:17-81
198-->[com.google.firebase:firebase-iid:20.0.0] AndroidManifest.xml:42:25-78
199            </intent-filter>
200        </receiver>
201
202        <activity
202-->[com.google.android.gms:play-services-base:18.0.1] AndroidManifest.xml:20:9-22:45
203            android:name="com.google.android.gms.common.api.GoogleApiActivity"
203-->[com.google.android.gms:play-services-base:18.0.1] AndroidManifest.xml:20:19-85
204            android:exported="false"
204-->[com.google.android.gms:play-services-base:18.0.1] AndroidManifest.xml:22:19-43
205            android:theme="@android:style/Theme.Translucent.NoTitleBar" />
205-->[com.google.android.gms:play-services-base:18.0.1] AndroidManifest.xml:21:19-78
206
207        <provider
207-->[com.google.firebase:firebase-common:19.0.0] AndroidManifest.xml:12:9-16:39
208            android:name="com.google.firebase.provider.FirebaseInitProvider"
208-->[com.google.firebase:firebase-common:19.0.0] AndroidManifest.xml:13:13-77
209            android:authorities="com.qdocs.smartschool.firebaseinitprovider"
209-->[com.google.firebase:firebase-common:19.0.0] AndroidManifest.xml:14:13-72
210            android:exported="false"
210-->[com.google.firebase:firebase-common:19.0.0] AndroidManifest.xml:15:13-37
211            android:initOrder="100" />
211-->[com.google.firebase:firebase-common:19.0.0] AndroidManifest.xml:16:13-36
212
213        <meta-data
213-->[com.google.android.gms:play-services-basement:18.0.0] AndroidManifest.xml:21:9-23:69
214            android:name="com.google.android.gms.version"
214-->[com.google.android.gms:play-services-basement:18.0.0] AndroidManifest.xml:22:13-58
215            android:value="@integer/google_play_services_version" />
215-->[com.google.android.gms:play-services-basement:18.0.0] AndroidManifest.xml:23:13-66
216    </application>
217
218</manifest>